Base path: C:/Program Files (x86)/Unity/Editor/Data
Pipe name: \\.\pipe\UnityShaderCompiler-1-1672
Cmd: getPlatforms
Cmd: preprocess
  insize=464 outsize=464 ok=1
Cmd: preprocess
  insize=1651 outsize=2266 ok=1
Cmd: compileSnippet
  api=4 type=0 insize=8014 outsize=1298 kw=DIRECTIONAL SHADOWS_OFF LIGHTMAP_OFF DIRLIGHTMAP_OFF ok=1
Cmd: compileSnippet
  api=4 type=1 insize=8014 outsize=2704 kw=DIRECTIONAL SHADOWS_OFF LIGHTMAP_OFF DIRLIGHTMAP_OFF ok=1
Cmd: compileSnippet
  api=4 type=2 insize=8014 outsize=7815 kw=DIRECTIONAL SHADOWS_OFF LIGHTMAP_OFF DIRLIGHTMAP_OFF ok=1
Cmd: compileSnippet
  api=4 type=3 insize=8014 outsize=5515 kw=DIRECTIONAL SHADOWS_OFF LIGHTMAP_OFF DIRLIGHTMAP_OFF ok=1
Cmd: compileSnippet
  api=4 type=0 insize=5700 outsize=1298 kw=POINT ok=1
Cmd: compileSnippet
  api=4 type=1 insize=5700 outsize=3005 kw=POINT ok=1
Cmd: compileSnippet
  api=4 type=2 insize=5700 outsize=7815 kw=POINT ok=1
Cmd: compileSnippet
  api=4 type=3 insize=5700 outsize=5166 kw=POINT ok=1
Cmd: compileSnippet
  api=4 type=0 insize=5510 outsize=1298 kw= ok=1
Cmd: compileSnippet
  api=4 type=1 insize=5510 outsize=1575 kw= ok=1
Cmd: compileSnippet
  api=4 type=2 insize=5510 outsize=7815 kw= ok=1
Cmd: compileSnippet
  api=4 type=3 insize=5510 outsize=4362 kw= ok=1
Cmd: compileSnippet
  api=4 type=0 insize=7515 outsize=1298 kw=LIGHTMAP_OFF DIRLIGHTMAP_OFF HDR_LIGHT_PREPASS_OFF ok=1
Cmd: compileSnippet
  api=4 type=1 insize=7515 outsize=1534 kw=LIGHTMAP_OFF DIRLIGHTMAP_OFF HDR_LIGHT_PREPASS_OFF ok=1
Cmd: compileSnippet
  api=4 type=2 insize=7515 outsize=7815 kw=LIGHTMAP_OFF DIRLIGHTMAP_OFF HDR_LIGHT_PREPASS_OFF ok=1
Cmd: compileSnippet
  api=4 type=3 insize=7515 outsize=4207 kw=LIGHTMAP_OFF DIRLIGHTMAP_OFF HDR_LIGHT_PREPASS_OFF ok=1
Cmd: compileSnippet
  api=4 type=0 insize=4813 outsize=1298 kw=SHADOWS_DEPTH ok=1
Cmd: compileSnippet
  api=4 type=1 insize=4813 outsize=445 kw=SHADOWS_DEPTH ok=1
Cmd: compileSnippet
  api=4 type=2 insize=4813 outsize=7815 kw=SHADOWS_DEPTH ok=1
Cmd: compileSnippet
  api=4 type=3 insize=4813 outsize=2720 kw=SHADOWS_DEPTH ok=1
Cmd: preprocess
  insize=848 outsize=848 ok=1
Cmd: preprocess
  insize=1486 outsize=2211 ok=1
Cmd: compileSnippet
  api=4 type=0 insize=8182 outsize=1298 kw=DIRECTIONAL SHADOWS_OFF LIGHTMAP_OFF DIRLIGHTMAP_OFF ok=1
Cmd: compileSnippet
  api=4 type=1 insize=8182 outsize=2704 kw=DIRECTIONAL SHADOWS_OFF LIGHTMAP_OFF DIRLIGHTMAP_OFF ok=1
Cmd: compileSnippet
  api=4 type=2 insize=8182 outsize=7750 kw=DIRECTIONAL SHADOWS_OFF LIGHTMAP_OFF DIRLIGHTMAP_OFF ok=1
Cmd: compileSnippet
  api=4 type=3 insize=8182 outsize=6482 kw=DIRECTIONAL SHADOWS_OFF LIGHTMAP_OFF DIRLIGHTMAP_OFF ok=1
Cmd: compileSnippet
  api=4 type=0 insize=5868 outsize=1298 kw=POINT ok=1
Cmd: compileSnippet
  api=4 type=1 insize=5868 outsize=3005 kw=POINT ok=1
Cmd: compileSnippet
  api=4 type=2 insize=5868 outsize=7750 kw=POINT ok=1
Cmd: compileSnippet
  api=4 type=3 insize=5868 outsize=6133 kw=POINT ok=1
Cmd: compileSnippet
  api=4 type=0 insize=5678 outsize=1298 kw= ok=1
Cmd: compileSnippet
  api=4 type=1 insize=5678 outsize=1575 kw= ok=1
Cmd: compileSnippet
  api=4 type=2 insize=5678 outsize=7750 kw= ok=1
Cmd: compileSnippet
  api=4 type=3 insize=5678 outsize=5328 kw= ok=1
Cmd: compileSnippet
  api=4 type=0 insize=7683 outsize=1298 kw=LIGHTMAP_OFF DIRLIGHTMAP_OFF HDR_LIGHT_PREPASS_OFF ok=1
Cmd: compileSnippet
  api=4 type=1 insize=7683 outsize=1534 kw=LIGHTMAP_OFF DIRLIGHTMAP_OFF HDR_LIGHT_PREPASS_OFF ok=1
Cmd: compileSnippet
  api=4 type=2 insize=7683 outsize=7750 kw=LIGHTMAP_OFF DIRLIGHTMAP_OFF HDR_LIGHT_PREPASS_OFF ok=1
Cmd: compileSnippet
  api=4 type=3 insize=7683 outsize=5174 kw=LIGHTMAP_OFF DIRLIGHTMAP_OFF HDR_LIGHT_PREPASS_OFF ok=1
Cmd: compileSnippet
  api=4 type=0 insize=4981 outsize=1298 kw=SHADOWS_DEPTH ok=1
Cmd: compileSnippet
  api=4 type=1 insize=4981 outsize=445 kw=SHADOWS_DEPTH ok=1
Cmd: compileSnippet
  api=4 type=2 insize=4981 outsize=7750 kw=SHADOWS_DEPTH ok=1
Cmd: compileSnippet
  api=4 type=3 insize=4981 outsize=3248 kw=SHADOWS_DEPTH ok=1
Cmd: preprocess
  insize=1101 outsize=904 ok=1
Cmd: compileSnippet
  api=4 type=0 insize=4808 outsize=2607 kw=DIRECTIONAL SHADOWS_OFF LIGHTMAP_OFF DIRLIGHTMAP_OFF ok=1
Cmd: compileSnippet
  api=4 type=1 insize=4808 outsize=1453 kw=DIRECTIONAL SHADOWS_OFF LIGHTMAP_OFF DIRLIGHTMAP_OFF ok=1
Cmd: compileSnippet
  api=4 type=0 insize=2847 outsize=2875 kw=POINT ok=1
Cmd: compileSnippet
  api=4 type=1 insize=2847 outsize=1810 kw=POINT ok=1
Cmd: preprocess
  insize=1207 outsize=411 ok=1
Cmd: compileSnippet
  api=4 type=0 insize=1063 outsize=1583 kw= ok=1
Cmd: compileSnippet
  api=4 type=1 insize=1063 outsize=1152 kw= ok=1
Cmd: preprocess
  insize=1486 outsize=2211 ok=1
Cmd: preprocess
  insize=495 outsize=495 ok=1
Cmd: preprocess
  insize=1101 outsize=904 ok=1
Cmd: preprocess
  insize=876 outsize=876 ok=1
Cmd: preprocess
  insize=1399 outsize=1553 ok=1
Cmd: compileSnippet
  api=4 type=0 insize=5260 outsize=4069 kw=DIRECTIONAL SHADOWS_OFF LIGHTMAP_OFF DIRLIGHTMAP_OFF ok=1
Cmd: compileSnippet
  api=4 type=1 insize=5260 outsize=3037 kw=DIRECTIONAL SHADOWS_OFF LIGHTMAP_OFF DIRLIGHTMAP_OFF ok=1
Cmd: compileSnippet
  api=4 type=0 insize=3020 outsize=3720 kw=POINT ok=1
Cmd: compileSnippet
  api=4 type=1 insize=3020 outsize=2883 kw=POINT ok=1
Cmd: compileSnippet
  api=4 type=0 insize=2862 outsize=2915 kw= ok=1
Cmd: compileSnippet
  api=4 type=1 insize=2862 outsize=1550 kw= ok=1
Cmd: compileSnippet
  api=4 type=0 insize=4880 outsize=3842 kw=LIGHTMAP_OFF DIRLIGHTMAP_OFF HDR_LIGHT_PREPASS_OFF ok=1
Cmd: compileSnippet
  api=4 type=1 insize=4880 outsize=2542 kw=LIGHTMAP_OFF DIRLIGHTMAP_OFF HDR_LIGHT_PREPASS_OFF ok=1
Cmd: preprocess
  insize=769 outsize=769 ok=1
Cmd: preprocess
  insize=638 outsize=638 ok=1
Cmd: preprocess
  insize=1654 outsize=1035 ok=1
Cmd: compileSnippet
  api=4 type=0 insize=867 outsize=1599 kw= ok=1
Cmd: compileSnippet
  api=4 type=1 insize=867 outsize=502 kw= ok=1
Cmd: preprocess
  insize=3105 outsize=1735 ok=1
Cmd: compileSnippet
  api=4 type=0 insize=1612 outsize=2005 kw= ok=1
Cmd: compileSnippet
  api=4 type=1 insize=1612 outsize=2070 kw= ok=1
Cmd: preprocess
  insize=1246 outsize=422 ok=1
Cmd: compileSnippet
  api=4 type=0 insize=1088 outsize=1583 kw= ok=1
Cmd: compileSnippet
  api=4 type=1 insize=1088 outsize=1152 kw= ok=1
Cmd: preprocess
  insize=1207 outsize=411 ok=1
Cmd: preprocess
  insize=1426 outsize=1426 ok=1
Cmd: preprocess
  insize=1574 outsize=702 ok=1
Cmd: compileSnippet
  api=4 type=0 insize=1135 outsize=1461 kw= ok=1
Cmd: compileSnippet
  api=4 type=1 insize=1135 outsize=1071 kw= ok=1
Cmd: preprocess
  insize=1651 outsize=2266 ok=1
Cmd: preprocess
  insize=334 outsize=334 ok=1
Cmd: preprocess
  insize=3105 outsize=1735 ok=1
Cmd: preprocess
  insize=1246 outsize=422 ok=1
Cmd: preprocess
  insize=1574 outsize=702 ok=1
Cmd: preprocess
  insize=1654 outsize=1035 ok=1
Cmd: preprocess
  insize=664 outsize=664 ok=1
Cmd: preprocess
  insize=1000 outsize=1000 ok=1
Cmd: preprocess
  insize=1812 outsize=1056 ok=1
Cmd: compileSnippet
  api=4 type=0 insize=1020 outsize=1274 kw= ok=1
Cmd: compileSnippet
  api=4 type=1 insize=1020 outsize=908 kw= ok=1
Cmd: preprocess
  insize=1812 outsize=1056 ok=1
Cmd: preprocess
  insize=464 outsize=464 ok=1
Cmd: preprocess
  insize=447 outsize=447 ok=1
Cmd: preprocess
  insize=1048 outsize=887 ok=1
Cmd: preprocess
  insize=1359 outsize=1538 ok=1
Cmd: preprocess
  insize=1576 outsize=991 ok=1
Cmd: preprocess
  insize=2970 outsize=1659 ok=1
Cmd: compileSnippet
  api=4 type=0 insize=1617 outsize=1940 kw= ok=1
Cmd: compileSnippet
  api=4 type=1 insize=1617 outsize=2070 kw= ok=1
Cmd: preprocess
  insize=1189 outsize=403 ok=1
Cmd: preprocess
  insize=1153 outsize=392 ok=1
Cmd: preprocess
  insize=1500 outsize=667 ok=1
Cmd: preprocess
  insize=1725 outsize=1007 ok=1
Cmd: compileSnippet
  api=4 type=0 insize=3020 outsize=2940 kw=DIRECTIONAL ok=1
Cmd: compileSnippet
  api=4 type=1 insize=3020 outsize=2412 kw=DIRECTIONAL ok=1
Cmd: compileSnippet
  api=4 type=0 insize=2847 outsize=1851 kw=DIRECTIONAL ok=1
Cmd: compileSnippet
  api=4 type=1 insize=2847 outsize=1339 kw=DIRECTIONAL ok=1
